<?xml version="1.0" encoding="UTF-8"?>
<!-- Generated by org.testng.reporters.JUnitReportReporter -->
<testsuite hostname="Test-Poc" failures="0" tests="1" name="com.test.octane_selenium.SampleSeleniumScript1" time="4.658" errors="0" timestamp="2022-11-08T12:33:10 UTC" skipped="0">
  <testcase classname="com.test.octane_selenium.SampleSeleniumScript1" name="chromeBrowserTest" time="4.658"/>
  <system-out/>
</testsuite> <!-- com.test.octane_selenium.SampleSeleniumScript1 -->
